[2023-03-14 16:09:47] Текст ошибки: Возникла ошибка! | Файл: C:\OSPanel\domains\calc-ipoteka.loc\public\index.php | Строка: 11
==============
[2023-03-14 16:09:47] Текст ошибки: Возникла ошибка! | Файл: C:\OSPanel\domains\calc-ipoteka.loc\public\index.php | Строка: 11
==============
[2023-03-14 16:19:27] Текст ошибки: Возникла ошибка! | Файл: C:\OSPanel\domains\calc-ipoteka.loc\public\index.php | Строка: 11
==============
[2023-03-14 16:19:29] Текст ошибки: Возникла ошибка! | Файл: C:\OSPanel\domains\calc-ipoteka.loc\public\index.php | Строка: 11
==============
[2023-03-14 16:19:31] Текст ошибки: Возникла ошибка! | Файл: C:\OSPanel\domains\calc-ipoteka.loc\public\index.php | Строка: 11
==============
[2023-03-14 16:19:36] Текст ошибки: Возникла ошибка! | Файл: C:\OSPanel\domains\calc-ipoteka.loc\public\index.php | Строка: 11
==============
[2023-03-19 21:46:36] Текст ошибки: Страница не найдена | Файл: C:\OSPanel\domains\calc-ipoteka.loc\vendor\iteush\Router.php | Строка: 73
==============
[2023-03-19 21:46:36] Текст ошибки: Страница не найдена | Файл: C:\OSPanel\domains\calc-ipoteka.loc\vendor\iteush\Router.php | Строка: 73
==============
[2023-03-19 21:46:40] Текст ошибки: Контроллер app\controllers\MainController не найден | Файл: C:\OSPanel\domains\calc-ipoteka.loc\vendor\iteush\Router.php | Строка: 70
==============
[2023-03-19 21:47:43] Текст ошибки: Контроллер app\controllers\admin\MainController не найден | Файл: C:\OSPanel\domains\calc-ipoteka.loc\vendor\iteush\Router.php | Строка: 70
==============
[2023-03-19 21:51:53] Текст ошибки: Контроллер app\controllers\admin\MainController не найден | Файл: C:\OSPanel\domains\calc-ipoteka.loc\vendor\iteush\Router.php | Строка: 70
==============
[2023-03-19 21:52:02] Текст ошибки: Call to undefined method app\controllers\MainController::getModel() | Файл: C:\OSPanel\domains\calc-ipoteka.loc\vendor\iteush\Router.php | Строка: 60
==============
[2023-03-19 21:55:08] Текст ошибки: Call to undefined method app\controllers\MainController::getModel() | Файл: C:\OSPanel\domains\calc-ipoteka.loc\vendor\iteush\Router.php | Строка: 60
==============
[2023-03-19 21:55:10] Текст ошибки: Call to undefined method app\controllers\MainController::getModel() | Файл: C:\OSPanel\domains\calc-ipoteka.loc\vendor\iteush\Router.php | Строка: 60
==============
[2023-03-19 21:55:10] Текст ошибки: Call to undefined method app\controllers\MainController::getModel() | Файл: C:\OSPanel\domains\calc-ipoteka.loc\vendor\iteush\Router.php | Строка: 60
==============
[2023-03-19 21:55:20] Текст ошибки: Call to undefined method app\controllers\MainController::getView() | Файл: C:\OSPanel\domains\calc-ipoteka.loc\vendor\iteush\Router.php | Строка: 65
==============
[2023-03-19 22:00:16] Текст ошибки: Call to undefined method app\controllers\MainController::getModel() | Файл: C:\OSPanel\domains\calc-ipoteka.loc\vendor\iteush\Router.php | Строка: 60
==============
[2023-03-19 22:00:19] Текст ошибки: Call to undefined method app\controllers\admin\MainController::getModel() | Файл: C:\OSPanel\domains\calc-ipoteka.loc\vendor\iteush\Router.php | Строка: 60
==============
[2023-03-19 22:00:32] Текст ошибки: Call to undefined method app\controllers\admin\MainController::getView() | Файл: C:\OSPanel\domains\calc-ipoteka.loc\vendor\iteush\Router.php | Строка: 65
==============
[2023-03-20 10:30:16] Текст ошибки: Не найден вид C:\OSPanel\domains\calc-ipoteka.loc/app/views/admin/Main/index.php | Файл: C:\OSPanel\domains\calc-ipoteka.loc\vendor\iteush\View.php | Строка: 47
==============
[2023-03-20 10:30:21] Текст ошибки: Не найден вид C:\OSPanel\domains\calc-ipoteka.loc/app/views/admin/Main/index.php | Файл: C:\OSPanel\domains\calc-ipoteka.loc\vendor\iteush\View.php | Строка: 47
==============
[2023-03-20 10:32:07] Текст ошибки: Не найден вид C:\OSPanel\domains\calc-ipoteka.loc/app/views/admin/Main/index.php | Файл: C:\OSPanel\domains\calc-ipoteka.loc\vendor\iteush\View.php | Строка: 47
==============
[2023-03-20 10:32:08] Текст ошибки: Не найден вид C:\OSPanel\domains\calc-ipoteka.loc/app/views/admin/Main/index.php | Файл: C:\OSPanel\domains\calc-ipoteka.loc\vendor\iteush\View.php | Строка: 47
==============
[2023-03-20 10:32:45] Текст ошибки: Не найден вид C:\OSPanel\domains\calc-ipoteka.loc/app/views/admin/Main/index.php | Файл: C:\OSPanel\domains\calc-ipoteka.loc\vendor\iteush\View.php | Строка: 47
==============
[2023-03-20 10:33:31] Текст ошибки: Не найден шаблон C:\OSPanel\domains\calc-ipoteka.loc/app/views/layouts/ishop.php | Файл: C:\OSPanel\domains\calc-ipoteka.loc\vendor\iteush\View.php | Строка: 55
==============
[2023-03-20 10:33:55] Текст ошибки: Не найден шаблон C:\OSPanel\domains\calc-ipoteka.loc/app/views/layouts/ishop.php | Файл: C:\OSPanel\domains\calc-ipoteka.loc\vendor\iteush\View.php | Строка: 55
==============
[2023-03-20 10:33:56] Текст ошибки: Не найден шаблон C:\OSPanel\domains\calc-ipoteka.loc/app/views/layouts/ishop.php | Файл: C:\OSPanel\domains\calc-ipoteka.loc\vendor\iteush\View.php | Строка: 55
==============
[2023-03-20 10:33:56] Текст ошибки: Не найден шаблон C:\OSPanel\domains\calc-ipoteka.loc/app/views/layouts/ishop.php | Файл: C:\OSPanel\domains\calc-ipoteka.loc\vendor\iteush\View.php | Строка: 55
==============
[2023-03-20 10:35:15] Текст ошибки: Не найден шаблон C:\OSPanel\domains\calc-ipoteka.loc/app/views/layouts/ishop.php | Файл: C:\OSPanel\domains\calc-ipoteka.loc\vendor\iteush\View.php | Строка: 55
==============
[2023-03-20 10:37:50] Текст ошибки: Страница не найдена | Файл: C:\OSPanel\domains\calc-ipoteka.loc\vendor\iteush\Router.php | Строка: 90
==============
[2023-03-20 10:38:04] Текст ошибки: Не найден вид C:\OSPanel\domains\calc-ipoteka.loc/app/views/admin/Main/index.php | Файл: C:\OSPanel\domains\calc-ipoteka.loc\vendor\iteush\View.php | Строка: 47
==============
[2023-03-20 10:42:51] Текст ошибки: Страница не найдена | Файл: C:\OSPanel\domains\calc-ipoteka.loc\vendor\iteush\Router.php | Строка: 90
==============
[2023-03-20 10:43:11] Текст ошибки: Не найден шаблон C:\OSPanel\domains\calc-ipoteka.loc/app/views/layouts/ishop.php | Файл: C:\OSPanel\domains\calc-ipoteka.loc\vendor\iteush\View.php | Строка: 55
==============
[2023-03-20 10:43:48] Текст ошибки: Не найден шаблон C:\OSPanel\domains\calc-ipoteka.loc/app/views/layouts/test.php | Файл: C:\OSPanel\domains\calc-ipoteka.loc\vendor\iteush\View.php | Строка: 55
==============
[2023-03-20 10:49:07] Текст ошибки: Не найден шаблон C:\OSPanel\domains\calc-ipoteka.loc/app/views/layouts/ishop.php | Файл: C:\OSPanel\domains\calc-ipoteka.loc\vendor\iteush\View.php | Строка: 55
==============
[2023-03-20 11:18:33] Текст ошибки: Страница не найдена | Файл: C:\OSPanel\domains\calc-ipoteka.loc\vendor\iteush\Router.php | Строка: 90
==============
[2023-03-20 11:32:55] Текст ошибки: syntax error, unexpected token "=>", expecting ")" | Файл: C:\OSPanel\domains\calc-ipoteka.loc\app\controllers\MainController.php | Строка: 22
==============
[2023-03-27 14:17:12] Текст ошибки: Не найден шаблон C:\OSPanel\domains\calc-ipoteka.loc/app/views/layouts/index.php | Файл: C:\OSPanel\domains\calc-ipoteka.loc\vendor\iteush\View.php | Строка: 55
==============
[2023-03-27 14:24:52] Текст ошибки: compact(): Undefined variable $gos | Файл: C:\OSPanel\domains\calc-ipoteka.loc\app\controllers\MainController.php | Строка: 26
==============
[2023-03-27 14:25:25] Текст ошибки: Undefined variable $test | Файл: C:\OSPanel\domains\calc-ipoteka.loc\app\views\layouts\default.php | Строка: 20
==============
[2023-03-27 14:26:19] Текст ошибки: Undefined variable $test | Файл: C:\OSPanel\domains\calc-ipoteka.loc\app\views\layouts\default.php | Строка: 20
==============
[2023-03-27 15:33:35] Текст ошибки: No connection to DB | Файл: C:\OSPanel\domains\calc-ipoteka.loc\vendor\iteush\Db.php | Строка: 22
==============
[2023-03-27 17:57:32] Текст ошибки: Class "app\controllers\ParsGoogleTable" not found | Файл: C:\OSPanel\domains\calc-ipoteka.loc\app\controllers\MainController.php | Строка: 21
==============
[2023-03-27 17:57:44] Текст ошибки: Call to undefined function iteush\get_data() | Файл: C:\OSPanel\domains\calc-ipoteka.loc\vendor\iteush\ParsGoogleTable.php | Строка: 12
==============
[2023-03-28 10:26:06] Текст ошибки: file_get_contents(C:\OSPanel\domains\calc-ipoteka.loc/tmp/parsdata_1c6A0ng6tm0jqLtLyIy1DV87Zp3gHlPz28jdCrQucqAE.json): Failed to open stream: No such file or directory | Файл: C:\OSPanel\domains\calc-ipoteka.loc\vendor\iteush\ParsGoogleTable.php | Строка: 38
==============
[2023-03-28 10:26:10] Текст ошибки: file_get_contents(C:\OSPanel\domains\calc-ipoteka.loc/tmp/parsdata_1c6A0ng6tm0jqLtLyIy1DV87Zp3gHlPz28jdCrQucqAE.json): Failed to open stream: No such file or directory | Файл: C:\OSPanel\domains\calc-ipoteka.loc\vendor\iteush\ParsGoogleTable.php | Строка: 38
==============
[2023-03-28 10:26:48] Текст ошибки: file_get_contents(C:\OSPanel\domains\calc-ipoteka.loc/tmp/pars/data_1c6A0ng6tm0jqLtLyIy1DV87Zp3gHlPz28jdCrQucqAE.json): Failed to open stream: No such file or directory | Файл: C:\OSPanel\domains\calc-ipoteka.loc\vendor\iteush\ParsGoogleTable.php | Строка: 38
==============
[2023-03-28 10:27:02] Текст ошибки: file_get_contents(C:\OSPanel\domains\calc-ipoteka.loc/tmp/pars/data_1c6A0ng6tm0jqLtLyIy1DV87Zp3gHlPz28jdCrQucqAE.json): Failed to open stream: No such file or directory | Файл: C:\OSPanel\domains\calc-ipoteka.loc\vendor\iteush\ParsGoogleTable.php | Строка: 38
==============
[2023-03-28 10:28:41] Текст ошибки: file_get_contents(C:\OSPanel\domains\calc-ipoteka.loc/tmp/pars/data_krd.json): Failed to open stream: No such file or directory | Файл: C:\OSPanel\domains\calc-ipoteka.loc\vendor\iteush\ParsGoogleTable.php | Строка: 38
==============
[2023-03-28 10:28:45] Текст ошибки: file_get_contents(C:\OSPanel\domains\calc-ipoteka.loc/tmp/pars/data_krd.json): Failed to open stream: No such file or directory | Файл: C:\OSPanel\domains\calc-ipoteka.loc\vendor\iteush\ParsGoogleTable.php | Строка: 38
==============
[2023-03-28 10:29:05] Текст ошибки: Cannot access offset of type string on string | Файл: C:\OSPanel\domains\calc-ipoteka.loc\vendor\iteush\ParsGoogleTable.php | Строка: 41
==============
[2023-03-28 10:29:08] Текст ошибки: Cannot access offset of type string on string | Файл: C:\OSPanel\domains\calc-ipoteka.loc\vendor\iteush\ParsGoogleTable.php | Строка: 41
==============
[2023-03-28 10:30:35] Текст ошибки: Cannot access offset of type string on string | Файл: C:\OSPanel\domains\calc-ipoteka.loc\vendor\iteush\ParsGoogleTable.php | Строка: 41
==============
[2023-03-28 10:32:10] Текст ошибки: Cannot access offset of type string on string | Файл: C:\OSPanel\domains\calc-ipoteka.loc\vendor\iteush\ParsGoogleTable.php | Строка: 41
==============
[2023-03-28 10:32:13] Текст ошибки: Cannot access offset of type string on string | Файл: C:\OSPanel\domains\calc-ipoteka.loc\vendor\iteush\ParsGoogleTable.php | Строка: 41
==============
[2023-03-28 10:33:29] Текст ошибки: Call to undefined function iteush\get_data() | Файл: C:\OSPanel\domains\calc-ipoteka.loc\vendor\iteush\ParsGoogleTable.php | Строка: 43
==============
[2023-03-28 10:35:50] Текст ошибки: Cannot assign string to property iteush\ParsGoogleTable::$data of type array | Файл: C:\OSPanel\domains\calc-ipoteka.loc\vendor\iteush\ParsGoogleTable.php | Строка: 12
==============
[2023-03-28 10:37:54] Текст ошибки: syntax error, unexpected token ";", expecting ")" | Файл: C:\OSPanel\domains\calc-ipoteka.loc\vendor\iteush\ParsGoogleTable.php | Строка: 109
==============
[2023-03-28 10:58:26] Текст ошибки: file_get_contents(C:\OSPanel\domains\calc-ipoteka.loc/tmp/pars/data_krd.json): Failed to open stream: No such file or directory | Файл: C:\OSPanel\domains\calc-ipoteka.loc\vendor\iteush\ParsGoogleTable.php | Строка: 117
==============
[2023-03-28 10:58:28] Текст ошибки: file_get_contents(C:\OSPanel\domains\calc-ipoteka.loc/tmp/pars/data_krd.json): Failed to open stream: No such file or directory | Файл: C:\OSPanel\domains\calc-ipoteka.loc\vendor\iteush\ParsGoogleTable.php | Строка: 117
==============
[2023-03-28 11:40:02] Текст ошибки: Undefined variable $test | Файл: C:\OSPanel\domains\calc-ipoteka.loc\app\views\Main\index.php | Строка: 8
==============
[2023-03-28 11:57:34] Текст ошибки: Undefined variable $test | Файл: C:\OSPanel\domains\calc-ipoteka.loc\app\views\Main\index.php | Строка: 8
==============
[2023-03-28 11:57:49] Текст ошибки: Undefined variable $test | Файл: C:\OSPanel\domains\calc-ipoteka.loc\app\views\Main\index.php | Строка: 8
==============
[2023-03-28 12:08:24] Текст ошибки: Undefined variable $test | Файл: C:\OSPanel\domains\calc-ipoteka.loc\app\views\Main\index.php | Строка: 8
==============
[2023-03-28 12:19:22] Текст ошибки: Undefined variable $test | Файл: C:\OSPanel\domains\calc-ipoteka.loc\app\views\Main\index.php | Строка: 8
==============
[2023-03-28 12:19:35] Текст ошибки: Undefined variable $test | Файл: C:\OSPanel\domains\calc-ipoteka.loc\app\views\Main\index.php | Строка: 8
==============
[2023-03-28 12:29:11] Текст ошибки: Undefined variable $test | Файл: C:\OSPanel\domains\calc-ipoteka.loc\app\views\Main\index.php | Строка: 8
==============
[2023-03-28 12:29:25] Текст ошибки: Undefined array key "sber" | Файл: C:\OSPanel\domains\calc-ipoteka.loc\vendor\iteush\ParsGoogleTable.php | Строка: 170
==============
[2023-03-28 12:29:37] Текст ошибки: Undefined variable $test | Файл: C:\OSPanel\domains\calc-ipoteka.loc\app\views\Main\index.php | Строка: 8
==============
[2023-03-28 12:36:11] Текст ошибки: Class "app\controllers\DataGoogleTable" not found | Файл: C:\OSPanel\domains\calc-ipoteka.loc\app\controllers\MainController.php | Строка: 24
==============
[2023-03-28 12:36:23] Текст ошибки: Undefined variable $test | Файл: C:\OSPanel\domains\calc-ipoteka.loc\app\views\Main\index.php | Строка: 8
==============
